<?xml version="1.0" encoding="UTF-8"?>
<!-- Generated by org.testng.reporters.JUnitReportReporter -->
<testsuite hostname="INDLPTC722KS3x" failures="0" tests="1" name="everailabs.EverAIDashboard.LoginValidation" time="8.264" errors="0" timestamp="2025-01-20T19:19:18 IST" skipped="0">
  <testcase classname="everailabs.EverAIDashboard.LoginValidation" name="tc_003_login" time="8.264"/>
</testsuite> <!-- everailabs.EverAIDashboard.LoginValidation -->
