<?xml version="1.0" encoding="UTF-8"?>
<!-- Generated by org.testng.reporters.JUnitReportReporter -->
<testsuite hostname="INDLPTC722KS3x" failures="0" tests="1" name="everailabs.EverAIDashboard.LoginValidation" time="5.708" errors="0" timestamp="2025-01-20T17:54:51 IST" skipped="0">
  <testcase classname="everailabs.EverAIDashboard.LoginValidation" name="tc_003_login" time="5.708"/>
</testsuite> <!-- everailabs.EverAIDashboard.LoginValidation -->
