<?xml version="1.0" encoding="UTF-8"?>
<!-- Generated by org.testng.reporters.JUnitReportReporter -->
<testsuite hostname="INDLPTC722KS3x" failures="0" tests="6" name="everailabs.EverAIDashboard.UserManagementRoleTest" time="64.798" errors="0" timestamp="2025-01-20T17:54:51 IST" skipped="0">
  <testcase classname="everailabs.EverAIDashboard.UserManagementRoleTest" name="verifySearch" time="10.410"/>
  <testcase classname="everailabs.EverAIDashboard.UserManagementRoleTest" name="verifySearch" time="10.463"/>
  <testcase classname="everailabs.EverAIDashboard.UserManagementRoleTest" name="verifySearch" time="10.572"/>
  <testcase classname="everailabs.EverAIDashboard.UserManagementRoleTest" name="verifySearch" time="12.292"/>
  <testcase classname="everailabs.EverAIDashboard.UserManagementRoleTest" name="verifySearch" time="10.620"/>
  <testcase classname="everailabs.EverAIDashboard.UserManagementRoleTest" name="verifySearch" time="10.441"/>
</testsuite> <!-- everailabs.EverAIDashboard.UserManagementRoleTest -->
