<?xml version="1.0" encoding="UTF-8"?>
<!-- Generated by org.testng.reporters.JUnitReportReporter -->
<testsuite hostname="INDLPTC722KS3x" failures="0" tests="6" name="everailabs.EverAIDashboard.UserManagementRoleTest" time="67.565" errors="0" timestamp="2025-01-20T19:19:18 IST" skipped="0">
  <testcase classname="everailabs.EverAIDashboard.UserManagementRoleTest" name="verifySearch" time="11.021"/>
  <testcase classname="everailabs.EverAIDashboard.UserManagementRoleTest" name="verifySearch" time="11.110"/>
  <testcase classname="everailabs.EverAIDashboard.UserManagementRoleTest" name="verifySearch" time="11.066"/>
  <testcase classname="everailabs.EverAIDashboard.UserManagementRoleTest" name="verifySearch" time="10.770"/>
  <testcase classname="everailabs.EverAIDashboard.UserManagementRoleTest" name="verifySearch" time="12.512"/>
  <testcase classname="everailabs.EverAIDashboard.UserManagementRoleTest" name="verifySearch" time="11.086"/>
</testsuite> <!-- everailabs.EverAIDashboard.UserManagementRoleTest -->
