<?xml version="1.0" encoding="UTF-8"?>
<!-- Generated by org.testng.reporters.JUnitReportReporter -->
<testsuite hostname="INDLPTC722KS3x" failures="0" tests="1" name="everailabs.EverAIDashboard.UserManagementTest" time="10.466" errors="0" timestamp="2025-01-13T19:14:50 IST" skipped="0">
  <testcase classname="everailabs.EverAIDashboard.UserManagementTest" name="tc_005_edituserdetails" time="10.466"/>
</testsuite> <!-- everailabs.EverAIDashboard.UserManagementTest -->
