<?xml version="1.0" encoding="UTF-8"?>
<!-- Generated by org.testng.reporters.JUnitReportReporter -->
<testsuite hostname="DESKTOP-I9A5BVC" failures="0" tests="13" name="everailabs.EverAIDashboard.ErrorLoginValidation" time="69.868" errors="0" timestamp="2024-12-31T12:10:55 IST" skipped="0">
  <testcase classname="everailabs.EverAIDashboard.ErrorLoginValidation" name="tc_002_verifyinvalidcred" time="5.903"/>
  <testcase classname="everailabs.EverAIDashboard.ErrorLoginValidation" name="tc_002_verifyinvalidcred" time="6.078"/>
  <testcase classname="everailabs.EverAIDashboard.ErrorLoginValidation" name="tc_001_verifyinvalidEmailLogin" time="5.053"/>
  <testcase classname="everailabs.EverAIDashboard.ErrorLoginValidation" name="tc_001_verifyinvalidEmailLogin" time="4.917"/>
  <testcase classname="everailabs.EverAIDashboard.ErrorLoginValidation" name="tc_001_verifyinvalidEmailLogin" time="4.556"/>
  <testcase classname="everailabs.EverAIDashboard.ErrorLoginValidation" name="tc_001_verifyinvalidEmailLogin" time="6.495"/>
  <testcase classname="everailabs.EverAIDashboard.ErrorLoginValidation" name="tc_003_missingfield" time="4.748"/>
  <testcase classname="everailabs.EverAIDashboard.ErrorLoginValidation" name="tc_003_missingfield" time="4.987"/>
  <testcase classname="everailabs.EverAIDashboard.ErrorLoginValidation" name="tc_002_verifyinvalidcred" time="6.059"/>
  <testcase classname="everailabs.EverAIDashboard.ErrorLoginValidation" name="tc_001_verifyinvalidEmailLogin" time="4.512"/>
  <testcase classname="everailabs.EverAIDashboard.ErrorLoginValidation" name="tc_002_verifyinvalidcred" time="6.120"/>
  <testcase classname="everailabs.EverAIDashboard.ErrorLoginValidation" name="tc_002_verifyinvalidcred" time="5.805"/>
  <testcase classname="everailabs.EverAIDashboard.ErrorLoginValidation" name="tc_001_verifyinvalidEmailLogin" time="4.635"/>
</testsuite> <!-- everailabs.EverAIDashboard.ErrorLoginValidation -->
