<?xml version="1.0" encoding="UTF-8"?>
<!-- Generated by org.testng.reporters.JUnitReportReporter -->
<testsuite hostname="INDLPTC722KS3x" failures="0" tests="1" name="everailabs.EverAIDashboard.LoginValidation" time="5.742" errors="0" timestamp="2025-01-24T11:30:42 IST" skipped="0">
  <testcase classname="everailabs.EverAIDashboard.LoginValidation" name="tc_003_login" time="5.742"/>
</testsuite> <!-- everailabs.EverAIDashboard.LoginValidation -->
