<?xml version="1.0" encoding="UTF-8"?>
<!-- Generated by org.testng.reporters.JUnitReportReporter -->
<testsuite hostname="INDLPTC722KS3x" failures="1" tests="12" name="everailabs.EverAIDashboard.UM_UIValidations" time="140.714" errors="0" timestamp="2025-01-20T15:57:31 IST" skipped="0">
  <testcase classname="everailabs.EverAIDashboard.UM_UIValidations" name="tc_003_verifySearch" time="12.938"/>
  <testcase classname="everailabs.EverAIDashboard.UM_UIValidations" name="tc_003_verifySearch" time="12.250"/>
  <testcase classname="everailabs.EverAIDashboard.UM_UIValidations" name="tc_003_verifySearch" time="12.306"/>
  <testcase classname="everailabs.EverAIDashboard.UM_UIValidations" name="tc_003_verifySearch" time="12.584"/>
  <testcase classname="everailabs.EverAIDashboard.UM_UIValidations" name="tc_003_verifySearch" time="2.211"/>
  <testcase classname="everailabs.EverAIDashboard.UM_UIValidations" name="tc_003_verifySearch" time="12.259"/>
  <testcase classname="everailabs.EverAIDashboard.UM_UIValidations" name="tc_003_verifySearch" time="13.230">
    <failure message="Row does not match search criteria: Gurpreet Singh  GURPREET    SINGH expected [true] but found [false]" type="java.lang.AssertionError">
      <![CDATA[java.lang.AssertionError: Row does not match search criteria: Gurpreet Singh  GURPREET    SINGH expected [true] but found [false]
at org.testng.Assert.fail(Assert.java:111)
at org.testng.Assert.failNotEquals(Assert.java:1578)
at org.testng.Assert.assertTrue(Assert.java:57)
at everailabs.EverAIDashboard.UM_UIValidations.tc_003_verifySearch(UM_UIValidations.java:44)
at java.base/jdk.internal.reflect.DirectMethodHandleAccessor.invoke(DirectMethodHandleAccessor.java:103)
at java.base/java.lang.reflect.Method.invoke(Method.java:580)
at org.testng.internal.invokers.MethodInvocationHelper.invokeMethod(MethodInvocationHelper.java:141)
at org.testng.internal.invokers.TestInvoker.invokeMethod(TestInvoker.java:686)
at org.testng.internal.invokers.TestInvoker.invokeTestMethod(TestInvoker.java:230)
at org.testng.internal.invokers.MethodRunner.runInSequence(MethodRunner.java:63)
at org.testng.internal.invokers.TestInvoker$MethodInvocationAgent.invoke(TestInvoker.java:992)
at org.testng.internal.invokers.TestInvoker.invokeTestMethods(TestInvoker.java:203)
at org.testng.internal.invokers.TestMethodWorker.invokeTestMethods(TestMethodWorker.java:154)
at org.testng.internal.invokers.TestMethodWorker.run(TestMethodWorker.java:134)
at java.base/java.util.ArrayList.forEach(ArrayList.java:1596)
at org.testng.TestRunner.privateRun(TestRunner.java:739)
at org.testng.TestRunner.run(TestRunner.java:614)
at org.testng.SuiteRunner.runTest(SuiteRunner.java:421)
at org.testng.SuiteRunner.runSequentially(SuiteRunner.java:413)
at org.testng.SuiteRunner.privateRun(SuiteRunner.java:373)
at org.testng.SuiteRunner.run(SuiteRunner.java:312)
at org.testng.SuiteRunnerWorker.runSuite(SuiteRunnerWorker.java:52)
at org.testng.SuiteRunnerWorker.run(SuiteRunnerWorker.java:95)
at org.testng.TestNG.runSuitesSequentially(TestNG.java:1274)
at org.testng.TestNG.runSuitesLocally(TestNG.java:1208)
at org.testng.TestNG.runSuites(TestNG.java:1112)
at org.testng.TestNG.run(TestNG.java:1079)
at org.testng.remote.AbstractRemoteTestNG.run(AbstractRemoteTestNG.java:115)
at org.testng.remote.RemoteTestNG.initAndRun(RemoteTestNG.java:293)
at org.testng.remote.RemoteTestNG.main(RemoteTestNG.java:91)
]]>
    </failure>
  </testcase> <!-- tc_003_verifySearch -->
  <testcase classname="everailabs.EverAIDashboard.UM_UIValidations" name="tc_003_verifySearch" time="12.260"/>
  <testcase classname="everailabs.EverAIDashboard.UM_UIValidations" name="tc_003_verifySearch" time="13.526"/>
  <testcase classname="everailabs.EverAIDashboard.UM_UIValidations" name="tc_003_verifySearch" time="12.093"/>
  <testcase classname="everailabs.EverAIDashboard.UM_UIValidations" name="tc_003_verifySearch" time="12.831"/>
  <testcase classname="everailabs.EverAIDashboard.UM_UIValidations" name="tc_003_verifySearch" time="12.226"/>
</testsuite> <!-- everailabs.EverAIDashboard.UM_UIValidations -->
