<?xml version="1.0" encoding="UTF-8"?>
<!-- Generated by org.testng.reporters.JUnitReportReporter -->
<testsuite hostname="INDLPTC722KS3x" failures="0" tests="13" name="everailabs.EverAIDashboard.ErrorLoginValidation" time="67.755" errors="0" timestamp="2025-01-11T21:41:20 IST" skipped="0">
  <testcase classname="everailabs.EverAIDashboard.ErrorLoginValidation" name="tc_003_missingfield" time="3.676"/>
  <testcase classname="everailabs.EverAIDashboard.ErrorLoginValidation" name="tc_001_verifyinvalidEmailLogin" time="5.768"/>
  <testcase classname="everailabs.EverAIDashboard.ErrorLoginValidation" name="tc_002_verifyinvalidcred" time="6.270"/>
  <testcase classname="everailabs.EverAIDashboard.ErrorLoginValidation" name="tc_001_verifyinvalidEmailLogin" time="3.817"/>
  <testcase classname="everailabs.EverAIDashboard.ErrorLoginValidation" name="tc_002_verifyinvalidcred" time="5.414"/>
  <testcase classname="everailabs.EverAIDashboard.ErrorLoginValidation" name="tc_001_verifyinvalidEmailLogin" time="5.915"/>
  <testcase classname="everailabs.EverAIDashboard.ErrorLoginValidation" name="tc_002_verifyinvalidcred" time="6.643"/>
  <testcase classname="everailabs.EverAIDashboard.ErrorLoginValidation" name="tc_001_verifyinvalidEmailLogin" time="2.334"/>
  <testcase classname="everailabs.EverAIDashboard.ErrorLoginValidation" name="tc_003_missingfield" time="5.512"/>
  <testcase classname="everailabs.EverAIDashboard.ErrorLoginValidation" name="tc_001_verifyinvalidEmailLogin" time="3.791"/>
  <testcase classname="everailabs.EverAIDashboard.ErrorLoginValidation" name="tc_001_verifyinvalidEmailLogin" time="4.761"/>
  <testcase classname="everailabs.EverAIDashboard.ErrorLoginValidation" name="tc_002_verifyinvalidcred" time="7.022"/>
  <testcase classname="everailabs.EverAIDashboard.ErrorLoginValidation" name="tc_002_verifyinvalidcred" time="6.832"/>
</testsuite> <!-- everailabs.EverAIDashboard.ErrorLoginValidation -->
