<?xml version="1.0" encoding="UTF-8"?>
<!-- Generated by org.testng.reporters.JUnitReportReporter -->
<testsuite hostname="DESKTOP-I9A5BVC" failures="0" tests="2" name="everailabs.EverAIDashboard.ErrorLoginValidation" time="12.123" errors="0" timestamp="2024-12-25T17:36:19 IST" skipped="0">
  <testcase classname="everailabs.EverAIDashboard.ErrorLoginValidation" name="tc_002_missingfield" time="6.660"/>
  <testcase classname="everailabs.EverAIDashboard.ErrorLoginValidation" name="tc_002_missingfield" time="5.463"/>
</testsuite> <!-- everailabs.EverAIDashboard.ErrorLoginValidation -->
