<?xml version="1.0" encoding="UTF-8"?>
<!-- Generated by org.testng.reporters.JUnitReportReporter -->
<testsuite hostname="DESKTOP-I9A5BVC" failures="0" tests="1" name="everailabs.EverAIDashboard.LoginValidation" time="7.495" errors="0" timestamp="2024-12-31T14:47:33 IST" skipped="0">
  <testcase classname="everailabs.EverAIDashboard.LoginValidation" name="tc_003_login" time="7.495"/>
</testsuite> <!-- everailabs.EverAIDashboard.LoginValidation -->
