<?xml version="1.0" encoding="UTF-8"?>
<!-- Generated by org.testng.reporters.JUnitReportReporter -->
<testsuite hostname="DESKTOP-I9A5BVC" failures="0" tests="1" name="everailabs.EverAIDashboard.LoginTest" time="0.419" errors="0" timestamp="2024-12-23T17:15:27 IST" skipped="0">
  <testcase classname="everailabs.EverAIDashboard.LoginTest" name="tc_001_verifylogin" time="0.419"/>
</testsuite> <!-- everailabs.EverAIDashboard.LoginTest -->
