<?xml version="1.0" encoding="UTF-8"?>
<!-- Generated by org.testng.reporters.JUnitReportReporter -->
<testsuite hostname="INDLPTC722KS3x" failures="0" tests="15" name="everailabs.EverAIDashboard.ErrorLoginValidation" time="87.881" errors="0" timestamp="2025-01-20T10:31:47 IST" skipped="0">
  <testcase classname="everailabs.EverAIDashboard.ErrorLoginValidation" name="tc_001_verifyInvalidEmailLogin" time="4.726"/>
  <testcase classname="everailabs.EverAIDashboard.ErrorLoginValidation" name="tc_001_verifyInvalidEmailLogin" time="4.927"/>
  <testcase classname="everailabs.EverAIDashboard.ErrorLoginValidation" name="tc_001_verifyInvalidEmailLogin" time="3.956"/>
  <testcase classname="everailabs.EverAIDashboard.ErrorLoginValidation" name="tc_002_verifyInvalidCred" time="5.859"/>
  <testcase classname="everailabs.EverAIDashboard.ErrorLoginValidation" name="tc_002_verifyInvalidCred" time="6.727"/>
  <testcase classname="everailabs.EverAIDashboard.ErrorLoginValidation" name="tc_002_verifyInvalidCred" time="13.287"/>
  <testcase classname="everailabs.EverAIDashboard.ErrorLoginValidation" name="tc_004_verifyDeactivatedAccount" time="6.611"/>
  <testcase classname="everailabs.EverAIDashboard.ErrorLoginValidation" name="tc_001_verifyInvalidEmailLogin" time="4.358"/>
  <testcase classname="everailabs.EverAIDashboard.ErrorLoginValidation" name="tc_004_verifyInactiveAccount" time="5.754"/>
  <testcase classname="everailabs.EverAIDashboard.ErrorLoginValidation" name="tc_002_verifyInvalidCred" time="6.163"/>
  <testcase classname="everailabs.EverAIDashboard.ErrorLoginValidation" name="tc_003_MissingFieldError" time="5.519"/>
  <testcase classname="everailabs.EverAIDashboard.ErrorLoginValidation" name="tc_001_verifyInvalidEmailLogin" time="5.383"/>
  <testcase classname="everailabs.EverAIDashboard.ErrorLoginValidation" name="tc_002_verifyInvalidCred" time="5.627"/>
  <testcase classname="everailabs.EverAIDashboard.ErrorLoginValidation" name="tc_003_MissingFieldError" time="4.333"/>
  <testcase classname="everailabs.EverAIDashboard.ErrorLoginValidation" name="tc_001_verifyInvalidEmailLogin" time="4.651"/>
</testsuite> <!-- everailabs.EverAIDashboard.ErrorLoginValidation -->
