<?xml version="1.0" encoding="UTF-8"?>
<!-- Generated by org.testng.reporters.JUnitReportReporter -->
<testsuite hostname="INDLPTC722KS3x" failures="0" tests="1" name="everailabs.EverAIDashboard.UserManagementRoleTest" time="12.743" errors="0" timestamp="2025-01-21T15:26:07 IST" skipped="0">
  <testcase classname="everailabs.EverAIDashboard.UserManagementRoleTest" name="tc_007_VerifyErrorForEditingRoleWithExistingRoleName" time="12.743"/>
</testsuite> <!-- everailabs.EverAIDashboard.UserManagementRoleTest -->
