<?xml version="1.0" encoding="UTF-8"?>
<!-- Generated by org.testng.reporters.JUnitReportReporter -->
<testsuite hostname="DESKTOP-I9A5BVC" failures="0" tests="1" name="everailabs.EverAIDashboard.LoginValidation" time="11.857" errors="0" timestamp="2024-12-26T20:13:04 IST" skipped="0">
  <testcase classname="everailabs.EverAIDashboard.LoginValidation" name="tc_003_login" time="11.857"/>
</testsuite> <!-- everailabs.EverAIDashboard.LoginValidation -->
